<?xml version="1.0" encoding="UTF-8"?>
<Site BuildName="Linux-clang++"
	BuildStamp="20240218-1138-Experimental"
	Name="debian"
	Generator="ctest-3.25.1"
	CompilerName="/usr/bin/clang++"
	CompilerVersion="14.0.6"
	OSName="Linux"
	Hostname="debian"
	OSRelease="6.1.0-17-amd64"
	OSVersion="#1 SMP PREEMPT_DYNAMIC Debian 6.1.69-1 (2023-12-30)"
	OSPlatform="x86_64"
	Is64Bits="1"
	VendorString="GenuineIntel"
	VendorID="Intel Corporation"
	FamilyID="6"
	ModelID="165"
	ProcessorCacheSize="12288"
	NumberOfLogicalCPU="12"
	NumberOfPhysicalCPU="6"
	TotalVirtualMemory="975"
	TotalPhysicalMemory="15926"
	LogicalProcessorsPerPhysical="2"
	ProcessorClockFrequency="4000.08"
	>
	<Testing>
		<StartDateTime>Feb 18 22:35 +10</StartDateTime>
		<StartTestTime>1708259741</StartTestTime>
		<TestList/>
		<EndDateTime>Feb 18 22:35 +10</EndDateTime>
		<EndTestTime>1708259741</EndTestTime>
		<ElapsedMinutes>0</ElapsedMinutes>
	</Testing>
</Site>
